<?xml version="1.0" encoding="UTF-8"?>
<testsuite name="com.perficient.techbootcampJackMcEligot.TechbootcampJackMcEligotApplicationTests" tests="4" skipped="0" failures="0" errors="0" timestamp="2022-01-28T15:55:02" hostname="PRFT-16796" time="0.156">
  <properties/>
  <testcase name="demoTestMethod()" classname="com.perficient.techbootcampJackMcEligot.TechbootcampJackMcEligotApplicationTests" time="0.147"/>
  <testcase name="contextLoads()" classname="com.perficient.techbootcampJackMcEligot.TechbootcampJackMcEligotApplicationTests" time="0.002"/>
  <testcase name="Testing Person creation defaults" classname="com.perficient.techbootcampJackMcEligot.TechbootcampJackMcEligotApplicationTests" time="0.004"/>
  <testcase name="Testing SetFirstname" classname="com.perficient.techbootcampJackMcEligot.TechbootcampJackMcEligotApplicationTests" time="0.002"/>
  <system-out><![CDATA[2022-01-28 09:54:58.856  INFO PRFT-16796 --- [    Test worker] .b.t.c.SpringBootTestContextBootstrapper : Neither @ContextConfiguration nor @ContextHierarchy found for test class [com.perficient.techbootcampJackMcEligot.TechbootcampJackMcEligotApplicationTests], using SpringBootContextLoader
2022-01-28 09:54:58.863  INFO PRFT-16796 --- [    Test worker] o.s.t.c.s.AbstractContextLoader          : Could not detect default resource locations for test class [com.perficient.techbootcampJackMcEligot.TechbootcampJackMcEligotApplicationTests]: no resource found for suffixes {-context.xml, Context.groovy}.
2022-01-28 09:54:58.864  INFO PRFT-16796 --- [    Test worker] t.c.s.AnnotationConfigContextLoaderUtils : Could not detect default configuration classes for test class [com.perficient.techbootcampJackMcEligot.TechbootcampJackMcEligotApplicationTests]: TechbootcampJackMcEligotApplicationTests does not declare any static, non-private, non-final, nested classes annotated with @Configuration.
2022-01-28 09:54:58.932  INFO PRFT-16796 --- [    Test worker] .b.t.c.SpringBootTestContextBootstrapper : Found @SpringBootConfiguration com.perficient.techbootcampJackMcEligot.TechbootcampJackMcEligotApplication for test class com.perficient.techbootcampJackMcEligot.TechbootcampJackMcEligotApplicationTests
2022-01-28 09:54:59.016  INFO PRFT-16796 --- [    Test worker] .b.t.c.SpringBootTestContextBootstrapper : Loaded default TestExecutionListener class names from location [META-INF/spring.factories]: [org.springframework.boot.test.autoconfigure.restdocs.RestDocsTestExecutionListener, org.springframework.boot.test.autoconfigure.web.client.MockRestServiceServerResetTestExecutionListener, org.springframework.boot.test.autoconfigure.web.servlet.MockMvcPrintOnlyOnFailureTestExecutionListener, org.springframework.boot.test.autoconfigure.web.servlet.WebDriverTestExecutionListener, org.springframework.boot.test.autoconfigure.webservices.client.MockWebServiceServerTestExecutionListener, org.springframework.boot.test.mock.mockito.MockitoTestExecutionListener, org.springframework.boot.test.mock.mockito.ResetMocksTestExecutionListener, org.springframework.test.context.web.ServletTestExecutionListener, org.springframework.test.context.support.DirtiesContextBeforeModesTestExecutionListener, org.springframework.test.context.event.ApplicationEventsTestExecutionListener, org.springframework.test.context.support.DependencyInjectionTestExecutionListener, org.springframework.test.context.support.DirtiesContextTestExecutionListener, org.springframework.test.context.transaction.TransactionalTestExecutionListener, org.springframework.test.context.jdbc.SqlScriptsTestExecutionListener, org.springframework.test.context.event.EventPublishingTestExecutionListener]
2022-01-28 09:54:59.029  INFO PRFT-16796 --- [    Test worker] .b.t.c.SpringBootTestContextBootstrapper : Using TestExecutionListeners: [org.springframework.test.context.web.ServletTestExecutionListener@6c03fb16, org.springframework.test.context.support.DirtiesContextBeforeModesTestExecutionListener@28348c6, org.springframework.test.context.event.ApplicationEventsTestExecutionListener@6de0f580, org.springframework.boot.test.mock.mockito.MockitoTestExecutionListener@6e495b48, org.springframework.boot.test.autoconfigure.SpringBootDependencyInjectionTestExecutionListener@1d61c6dc, org.springframework.test.context.support.DirtiesContextTestExecutionListener@53c68ce, org.springframework.test.context.transaction.TransactionalTestExecutionListener@6f9ad11c, org.springframework.test.context.jdbc.SqlScriptsTestExecutionListener@4b2d44bc, org.springframework.test.context.event.EventPublishingTestExecutionListener@58e92c23, org.springframework.boot.test.autoconfigure.restdocs.RestDocsTestExecutionListener@3e7545e8, org.springframework.boot.test.autoconfigure.web.client.MockRestServiceServerResetTestExecutionListener@75e710b, org.springframework.boot.test.autoconfigure.web.servlet.MockMvcPrintOnlyOnFailureTestExecutionListener@26f7cdf8, org.springframework.boot.test.autoconfigure.web.servlet.WebDriverTestExecutionListener@376e7531, org.springframework.boot.test.autoconfigure.webservices.client.MockWebServiceServerTestExecutionListener@23202c31, org.springframework.boot.test.mock.mockito.ResetMocksTestExecutionListener@5782d777]

  .   ____          _            __ _ _
 /\\ / ___'_ __ _ _(_)_ __  __ _ \ \ \ \
( ( )\___ | '_ | '_| | '_ \/ _` | \ \ \ \
 \\/  ___)| |_)| | | | | || (_| |  ) ) ) )
  '  |____| .__|_| |_|_| |_\__, | / / / /
 =========|_|==============|___/=/_/_/_/
 :: Spring Boot ::                (v2.6.2)

2022-01-28 09:54:59.222  INFO PRFT-16796 --- [    Test worker] TechbootcampJackMcEligotApplicationTests : Starting TechbootcampJackMcEligotApplicationTests using Java 17.0.1 on PRFT-16796 with PID 14460 (started by jackson.mceligot in C:\appdev\projects\tech-bootcamp\tech-bootcamp-perficient\techbootcamp-JackMcEligot)
2022-01-28 09:54:59.224  INFO PRFT-16796 --- [    Test worker] TechbootcampJackMcEligotApplicationTests : No active profile set, falling back to default profiles: default
2022-01-28 09:54:59.652  INFO PRFT-16796 --- [    Test worker] .s.d.r.c.RepositoryConfigurationDelegate : Bootstrapping Spring Data JPA repositories in DEFAULT mode.
2022-01-28 09:54:59.689  INFO PRFT-16796 --- [    Test worker] .s.d.r.c.RepositoryConfigurationDelegate : Finished Spring Data repository scanning in 31 ms. Found 2 JPA repository interfaces.
2022-01-28 09:55:00.079  INFO PRFT-16796 --- [    Test worker] o.h.j.i.u.LogHelper                      : HHH000204: Processing PersistenceUnitInfo [name: default]
2022-01-28 09:55:00.126  INFO PRFT-16796 --- [    Test worker] o.h.Version                              : HHH000412: Hibernate ORM core version 5.6.3.Final
2022-01-28 09:55:00.262  INFO PRFT-16796 --- [    Test worker] o.h.a.c.Version                          : HCANN000001: Hibernate Commons Annotations {5.1.2.Final}
2022-01-28 09:55:00.288 DEBUG PRFT-16796 --- [    Test worker] o.h.t.BasicTypeRegistry                  : Adding type registration boolean -> org.hibernate.type.BooleanType@3db1ce78
2022-01-28 09:55:00.290 DEBUG PRFT-16796 --- [    Test worker] o.h.t.BasicTypeRegistry                  : Adding type registration boolean -> org.hibernate.type.BooleanType@3db1ce78
2022-01-28 09:55:00.290 DEBUG PRFT-16796 --- [    Test worker] o.h.t.BasicTypeRegistry                  : Adding type registration java.lang.Boolean -> org.hibernate.type.BooleanType@3db1ce78
2022-01-28 09:55:00.291 DEBUG PRFT-16796 --- [    Test worker] o.h.t.BasicTypeRegistry                  : Adding type registration numeric_boolean -> org.hibernate.type.NumericBooleanType@57c6feea
2022-01-28 09:55:00.291 DEBUG PRFT-16796 --- [    Test worker] o.h.t.BasicTypeRegistry                  : Adding type registration true_false -> org.hibernate.type.TrueFalseType@48c5698
2022-01-28 09:55:00.292 DEBUG PRFT-16796 --- [    Test worker] o.h.t.BasicTypeRegistry                  : Adding type registration yes_no -> org.hibernate.type.YesNoType@6aad919c
2022-01-28 09:55:00.293 DEBUG PRFT-16796 --- [    Test worker] o.h.t.BasicTypeRegistry                  : Adding type registration byte -> org.hibernate.type.ByteType@c262f2f
2022-01-28 09:55:00.293 DEBUG PRFT-16796 --- [    Test worker] o.h.t.BasicTypeRegistry                  : Adding type registration byte -> org.hibernate.type.ByteType@c262f2f
2022-01-28 09:55:00.293 DEBUG PRFT-16796 --- [    Test worker] o.h.t.BasicTypeRegistry                  : Adding type registration java.lang.Byte -> org.hibernate.type.ByteType@c262f2f
2022-01-28 09:55:00.294 DEBUG PRFT-16796 --- [    Test worker] o.h.t.BasicTypeRegistry                  : Adding type registration character -> org.hibernate.type.CharacterType@5112b7
2022-01-28 09:55:00.294 DEBUG PRFT-16796 --- [    Test worker] o.h.t.BasicTypeRegistry                  : Adding type registration char -> org.hibernate.type.CharacterType@5112b7
2022-01-28 09:55:00.294 DEBUG PRFT-16796 --- [    Test worker] o.h.t.BasicTypeRegistry                  : Adding type registration java.lang.Character -> org.hibernate.type.CharacterType@5112b7
2022-01-28 09:55:00.295 DEBUG PRFT-16796 --- [    Test worker] o.h.t.BasicTypeRegistry                  : Adding type registration short -> org.hibernate.type.ShortType@19dac2d6
2022-01-28 09:55:00.295 DEBUG PRFT-16796 --- [    Test worker] o.h.t.BasicTypeRegistry                  : Adding type registration short -> org.hibernate.type.ShortType@19dac2d6
2022-01-28 09:55:00.295 DEBUG PRFT-16796 --- [    Test worker] o.h.t.BasicTypeRegistry                  : Adding type registration java.lang.Short -> org.hibernate.type.ShortType@19dac2d6
2022-01-28 09:55:00.296 DEBUG PRFT-16796 --- [    Test worker] o.h.t.BasicTypeRegistry                  : Adding type registration integer -> org.hibernate.type.IntegerType@7f93f4c
2022-01-28 09:55:00.296 DEBUG PRFT-16796 --- [    Test worker] o.h.t.BasicTypeRegistry                  : Adding type registration int -> org.hibernate.type.IntegerType@7f93f4c
2022-01-28 09:55:00.296 DEBUG PRFT-16796 --- [    Test worker] o.h.t.BasicTypeRegistry                  : Adding type registration java.lang.Integer -> org.hibernate.type.IntegerType@7f93f4c
2022-01-28 09:55:00.296 DEBUG PRFT-16796 --- [    Test worker] o.h.t.BasicTypeRegistry                  : Adding type registration long -> org.hibernate.type.LongType@22c8ee48
2022-01-28 09:55:00.296 DEBUG PRFT-16796 --- [    Test worker] o.h.t.BasicTypeRegistry                  : Adding type registration long -> org.hibernate.type.LongType@22c8ee48
2022-01-28 09:55:00.297 DEBUG PRFT-16796 --- [    Test worker] o.h.t.BasicTypeRegistry                  : Adding type registration java.lang.Long -> org.hibernate.type.LongType@22c8ee48
2022-01-28 09:55:00.297 DEBUG PRFT-16796 --- [    Test worker] o.h.t.BasicTypeRegistry                  : Adding type registration float -> org.hibernate.type.FloatType@6e5f5478
2022-01-28 09:55:00.297 DEBUG PRFT-16796 --- [    Test worker] o.h.t.BasicTypeRegistry                  : Adding type registration float -> org.hibernate.type.FloatType@6e5f5478
2022-01-28 09:55:00.298 DEBUG PRFT-16796 --- [    Test worker] o.h.t.BasicTypeRegistry                  : Adding type registration java.lang.Float -> org.hibernate.type.FloatType@6e5f5478
2022-01-28 09:55:00.299 DEBUG PRFT-16796 --- [    Test worker] o.h.t.BasicTypeRegistry                  : Adding type registration double -> org.hibernate.type.DoubleType@2b7774d5
2022-01-28 09:55:00.299 DEBUG PRFT-16796 --- [    Test worker] o.h.t.BasicTypeRegistry                  : Adding type registration double -> org.hibernate.type.DoubleType@2b7774d5
2022-01-28 09:55:00.299 DEBUG PRFT-16796 --- [    Test worker] o.h.t.BasicTypeRegistry                  : Adding type registration java.lang.Double -> org.hibernate.type.DoubleType@2b7774d5
2022-01-28 09:55:00.299 DEBUG PRFT-16796 --- [    Test worker] o.h.t.BasicTypeRegistry                  : Adding type registration big_decimal -> org.hibernate.type.BigDecimalType@21090c88
2022-01-28 09:55:00.299 DEBUG PRFT-16796 --- [    Test worker] o.h.t.BasicTypeRegistry                  : Adding type registration java.math.BigDecimal -> org.hibernate.type.BigDecimalType@21090c88
2022-01-28 09:55:00.300 DEBUG PRFT-16796 --- [    Test worker] o.h.t.BasicTypeRegistry                  : Adding type registration big_integer -> org.hibernate.type.BigIntegerType@3ed7dd70
2022-01-28 09:55:00.300 DEBUG PRFT-16796 --- [    Test worker] o.h.t.BasicTypeRegistry                  : Adding type registration java.math.BigInteger -> org.hibernate.type.BigIntegerType@3ed7dd70
2022-01-28 09:55:00.301 DEBUG PRFT-16796 --- [    Test worker] o.h.t.BasicTypeRegistry                  : Adding type registration string -> org.hibernate.type.StringType@579846cc
2022-01-28 09:55:00.301 DEBUG PRFT-16796 --- [    Test worker] o.h.t.BasicTypeRegistry                  : Adding type registration java.lang.String -> org.hibernate.type.StringType@579846cc
2022-01-28 09:55:00.301 DEBUG PRFT-16796 --- [    Test worker] o.h.t.BasicTypeRegistry                  : Adding type registration nstring -> org.hibernate.type.StringNVarcharType@5c33008f
2022-01-28 09:55:00.301 DEBUG PRFT-16796 --- [    Test worker] o.h.t.BasicTypeRegistry                  : Adding type registration ncharacter -> org.hibernate.type.CharacterNCharType@79ad1774
2022-01-28 09:55:00.302 DEBUG PRFT-16796 --- [    Test worker] o.h.t.BasicTypeRegistry                  : Adding type registration url -> org.hibernate.type.UrlType@1657b017
2022-01-28 09:55:00.302 DEBUG PRFT-16796 --- [    Test worker] o.h.t.BasicTypeRegistry                  : Adding type registration java.net.URL -> org.hibernate.type.UrlType@1657b017
2022-01-28 09:55:00.303 DEBUG PRFT-16796 --- [    Test worker] o.h.t.BasicTypeRegistry                  : Adding type registration Duration -> org.hibernate.type.DurationType@300bb303
2022-01-28 09:55:00.303 DEBUG PRFT-16796 --- [    Test worker] o.h.t.BasicTypeRegistry                  : Adding type registration java.time.Duration -> org.hibernate.type.DurationType@300bb303
2022-01-28 09:55:00.304 DEBUG PRFT-16796 --- [    Test worker] o.h.t.BasicTypeRegistry                  : Adding type registration Instant -> org.hibernate.type.InstantType@15d65fcf
2022-01-28 09:55:00.304 DEBUG PRFT-16796 --- [    Test worker] o.h.t.BasicTypeRegistry                  : Adding type registration java.time.Instant -> org.hibernate.type.InstantType@15d65fcf
2022-01-28 09:55:00.305 DEBUG PRFT-16796 --- [    Test worker] o.h.t.BasicTypeRegistry                  : Adding type registration LocalDateTime -> org.hibernate.type.LocalDateTimeType@67c21bf
2022-01-28 09:55:00.305 DEBUG PRFT-16796 --- [    Test worker] o.h.t.BasicTypeRegistry                  : Adding type registration java.time.LocalDateTime -> org.hibernate.type.LocalDateTimeType@67c21bf
2022-01-28 09:55:00.306 DEBUG PRFT-16796 --- [    Test worker] o.h.t.BasicTypeRegistry                  : Adding type registration LocalDate -> org.hibernate.type.LocalDateType@16e195cf
2022-01-28 09:55:00.306 DEBUG PRFT-16796 --- [    Test worker] o.h.t.BasicTypeRegistry                  : Adding type registration java.time.LocalDate -> org.hibernate.type.LocalDateType@16e195cf
2022-01-28 09:55:00.307 DEBUG PRFT-16796 --- [    Test worker] o.h.t.BasicTypeRegistry                  : Adding type registration LocalTime -> org.hibernate.type.LocalTimeType@6133e20b
2022-01-28 09:55:00.307 DEBUG PRFT-16796 --- [    Test worker] o.h.t.BasicTypeRegistry                  : Adding type registration java.time.LocalTime -> org.hibernate.type.LocalTimeType@6133e20b
2022-01-28 09:55:00.309 DEBUG PRFT-16796 --- [    Test worker] o.h.t.BasicTypeRegistry                  : Adding type registration OffsetDateTime -> org.hibernate.type.OffsetDateTimeType@1cc41b77
2022-01-28 09:55:00.309 DEBUG PRFT-16796 --- [    Test worker] o.h.t.BasicTypeRegistry                  : Adding type registration java.time.OffsetDateTime -> org.hibernate.type.OffsetDateTimeType@1cc41b77
2022-01-28 09:55:00.309 DEBUG PRFT-16796 --- [    Test worker] o.h.t.BasicTypeRegistry                  : Adding type registration OffsetTime -> org.hibernate.type.OffsetTimeType@67b5e613
2022-01-28 09:55:00.309 DEBUG PRFT-16796 --- [    Test worker] o.h.t.BasicTypeRegistry                  : Adding type registration java.time.OffsetTime -> org.hibernate.type.OffsetTimeType@67b5e613
2022-01-28 09:55:00.310 DEBUG PRFT-16796 --- [    Test worker] o.h.t.BasicTypeRegistry                  : Adding type registration ZonedDateTime -> org.hibernate.type.ZonedDateTimeType@acb5508
2022-01-28 09:55:00.311 DEBUG PRFT-16796 --- [    Test worker] o.h.t.BasicTypeRegistry                  : Adding type registration java.time.ZonedDateTime -> org.hibernate.type.ZonedDateTimeType@acb5508
2022-01-28 09:55:00.312 DEBUG PRFT-16796 --- [    Test worker] o.h.t.BasicTypeRegistry                  : Adding type registration date -> org.hibernate.type.DateType@2fc7fa6e
2022-01-28 09:55:00.312 DEBUG PRFT-16796 --- [    Test worker] o.h.t.BasicTypeRegistry                  : Adding type registration java.sql.Date -> org.hibernate.type.DateType@2fc7fa6e
2022-01-28 09:55:00.313 DEBUG PRFT-16796 --- [    Test worker] o.h.t.BasicTypeRegistry                  : Adding type registration time -> org.hibernate.type.TimeType@1d226f27
2022-01-28 09:55:00.313 DEBUG PRFT-16796 --- [    Test worker] o.h.t.BasicTypeRegistry                  : Adding type registration java.sql.Time -> org.hibernate.type.TimeType@1d226f27
2022-01-28 09:55:00.314 DEBUG PRFT-16796 --- [    Test worker] o.h.t.BasicTypeRegistry                  : Adding type registration timestamp -> org.hibernate.type.TimestampType@12f9f896
2022-01-28 09:55:00.314 DEBUG PRFT-16796 --- [    Test worker] o.h.t.BasicTypeRegistry                  : Adding type registration java.sql.Timestamp -> org.hibernate.type.TimestampType@12f9f896
2022-01-28 09:55:00.314 DEBUG PRFT-16796 --- [    Test worker] o.h.t.BasicTypeRegistry                  : Adding type registration java.util.Date -> org.hibernate.type.TimestampType@12f9f896
2022-01-28 09:55:00.316 DEBUG PRFT-16796 --- [    Test worker] o.h.t.BasicTypeRegistry                  : Adding type registration dbtimestamp -> org.hibernate.type.DbTimestampType@5df92089
2022-01-28 09:55:00.316 DEBUG PRFT-16796 --- [    Test worker] o.h.t.BasicTypeRegistry                  : Adding type registration calendar -> org.hibernate.type.CalendarType@3335afcf
2022-01-28 09:55:00.316 DEBUG PRFT-16796 --- [    Test worker] o.h.t.BasicTypeRegistry                  : Adding type registration java.util.Calendar -> org.hibernate.type.CalendarType@3335afcf
2022-01-28 09:55:00.316 DEBUG PRFT-16796 --- [    Test worker] o.h.t.BasicTypeRegistry                  : Adding type registration java.util.GregorianCalendar -> org.hibernate.type.CalendarType@3335afcf
2022-01-28 09:55:00.317 DEBUG PRFT-16796 --- [    Test worker] o.h.t.BasicTypeRegistry                  : Adding type registration calendar_date -> org.hibernate.type.CalendarDateType@315b4202
2022-01-28 09:55:00.317 DEBUG PRFT-16796 --- [    Test worker] o.h.t.BasicTypeRegistry                  : Adding type registration calendar_time -> org.hibernate.type.CalendarTimeType@2969a9a6
2022-01-28 09:55:00.318 DEBUG PRFT-16796 --- [    Test worker] o.h.t.BasicTypeRegistry                  : Adding type registration locale -> org.hibernate.type.LocaleType@2c16677c
2022-01-28 09:55:00.318 DEBUG PRFT-16796 --- [    Test worker] o.h.t.BasicTypeRegistry                  : Adding type registration java.util.Locale -> org.hibernate.type.LocaleType@2c16677c
2022-01-28 09:55:00.319 DEBUG PRFT-16796 --- [    Test worker] o.h.t.BasicTypeRegistry                  : Adding type registration currency -> org.hibernate.type.CurrencyType@75e0a54c
2022-01-28 09:55:00.319 DEBUG PRFT-16796 --- [    Test worker] o.h.t.BasicTypeRegistry                  : Adding type registration java.util.Currency -> org.hibernate.type.CurrencyType@75e0a54c
2022-01-28 09:55:00.320 DEBUG PRFT-16796 --- [    Test worker] o.h.t.BasicTypeRegistry                  : Adding type registration timezone -> org.hibernate.type.TimeZoneType@734a149a
2022-01-28 09:55:00.320 DEBUG PRFT-16796 --- [    Test worker] o.h.t.BasicTypeRegistry                  : Adding type registration java.util.TimeZone -> org.hibernate.type.TimeZoneType@734a149a
2022-01-28 09:55:00.320 DEBUG PRFT-16796 --- [    Test worker] o.h.t.BasicTypeRegistry                  : Adding type registration class -> org.hibernate.type.ClassType@7893c715
2022-01-28 09:55:00.321 DEBUG PRFT-16796 --- [    Test worker] o.h.t.BasicTypeRegistry                  : Adding type registration java.lang.Class -> org.hibernate.type.ClassType@7893c715
2022-01-28 09:55:00.321 DEBUG PRFT-16796 --- [    Test worker] o.h.t.BasicTypeRegistry                  : Adding type registration uuid-binary -> org.hibernate.type.UUIDBinaryType@5c5f0edc
2022-01-28 09:55:00.321 DEBUG PRFT-16796 --- [    Test worker] o.h.t.BasicTypeRegistry                  : Adding type registration java.util.UUID -> org.hibernate.type.UUIDBinaryType@5c5f0edc
2022-01-28 09:55:00.322 DEBUG PRFT-16796 --- [    Test worker] o.h.t.BasicTypeRegistry                  : Adding type registration uuid-char -> org.hibernate.type.UUIDCharType@7d522180
2022-01-28 09:55:00.323 DEBUG PRFT-16796 --- [    Test worker] o.h.t.BasicTypeRegistry                  : Adding type registration binary -> org.hibernate.type.BinaryType@9c0d0bd
2022-01-28 09:55:00.323 DEBUG PRFT-16796 --- [    Test worker] o.h.t.BasicTypeRegistry                  : Adding type registration byte[] -> org.hibernate.type.BinaryType@9c0d0bd
2022-01-28 09:55:00.323 DEBUG PRFT-16796 --- [    Test worker] o.h.t.BasicTypeRegistry                  : Adding type registration [B -> org.hibernate.type.BinaryType@9c0d0bd
2022-01-28 09:55:00.323 DEBUG PRFT-16796 --- [    Test worker] o.h.t.BasicTypeRegistry                  : Adding type registration wrapper-binary -> org.hibernate.type.WrapperBinaryType@4597e6e3
2022-01-28 09:55:00.324 DEBUG PRFT-16796 --- [    Test worker] o.h.t.BasicTypeRegistry                  : Adding type registration Byte[] -> org.hibernate.type.WrapperBinaryType@4597e6e3
2022-01-28 09:55:00.324 DEBUG PRFT-16796 --- [    Test worker] o.h.t.BasicTypeRegistry                  : Adding type registration [Ljava.lang.Byte; -> org.hibernate.type.WrapperBinaryType@4597e6e3
2022-01-28 09:55:00.324 DEBUG PRFT-16796 --- [    Test worker] o.h.t.BasicTypeRegistry                  : Adding type registration row_version -> org.hibernate.type.RowVersionType@6cd45b6c
2022-01-28 09:55:00.325 DEBUG PRFT-16796 --- [    Test worker] o.h.t.BasicTypeRegistry                  : Adding type registration image -> org.hibernate.type.ImageType@4bfa5eb9
2022-01-28 09:55:00.325 DEBUG PRFT-16796 --- [    Test worker] o.h.t.BasicTypeRegistry                  : Adding type registration characters -> org.hibernate.type.CharArrayType@ee2ae9a
2022-01-28 09:55:00.325 DEBUG PRFT-16796 --- [    Test worker] o.h.t.BasicTypeRegistry                  : Adding type registration char[] -> org.hibernate.type.CharArrayType@ee2ae9a
2022-01-28 09:55:00.325 DEBUG PRFT-16796 --- [    Test worker] o.h.t.BasicTypeRegistry                  : Adding type registration [C -> org.hibernate.type.CharArrayType@ee2ae9a
2022-01-28 09:55:00.326 DEBUG PRFT-16796 --- [    Test worker] o.h.t.BasicTypeRegistry                  : Adding type registration wrapper-characters -> org.hibernate.type.CharacterArrayType@47eaf55c
2022-01-28 09:55:00.326 DEBUG PRFT-16796 --- [    Test worker] o.h.t.BasicTypeRegistry                  : Adding type registration [Ljava.lang.Character; -> org.hibernate.type.CharacterArrayType@47eaf55c
2022-01-28 09:55:00.326 DEBUG PRFT-16796 --- [    Test worker] o.h.t.BasicTypeRegistry                  : Adding type registration Character[] -> org.hibernate.type.CharacterArrayType@47eaf55c
2022-01-28 09:55:00.326 DEBUG PRFT-16796 --- [    Test worker] o.h.t.BasicTypeRegistry                  : Adding type registration text -> org.hibernate.type.TextType@671d97bc
2022-01-28 09:55:00.327 DEBUG PRFT-16796 --- [    Test worker] o.h.t.BasicTypeRegistry                  : Adding type registration ntext -> org.hibernate.type.NTextType@149d7cc6
2022-01-28 09:55:00.328 DEBUG PRFT-16796 --- [    Test worker] o.h.t.BasicTypeRegistry                  : Adding type registration blob -> org.hibernate.type.BlobType@74a85515
2022-01-28 09:55:00.328 DEBUG PRFT-16796 --- [    Test worker] o.h.t.BasicTypeRegistry                  : Adding type registration java.sql.Blob -> org.hibernate.type.BlobType@74a85515
2022-01-28 09:55:00.328 DEBUG PRFT-16796 --- [    Test worker] o.h.t.BasicTypeRegistry                  : Adding type registration materialized_blob -> org.hibernate.type.MaterializedBlobType@1d2def55
2022-01-28 09:55:00.329 DEBUG PRFT-16796 --- [    Test worker] o.h.t.BasicTypeRegistry                  : Adding type registration clob -> org.hibernate.type.ClobType@5beb6be2
2022-01-28 09:55:00.329 DEBUG PRFT-16796 --- [    Test worker] o.h.t.BasicTypeRegistry                  : Adding type registration java.sql.Clob -> org.hibernate.type.ClobType@5beb6be2
2022-01-28 09:55:00.330 DEBUG PRFT-16796 --- [    Test worker] o.h.t.BasicTypeRegistry                  : Adding type registration nclob -> org.hibernate.type.NClobType@333d44f6
2022-01-28 09:55:00.330 DEBUG PRFT-16796 --- [    Test worker] o.h.t.BasicTypeRegistry                  : Adding type registration java.sql.NClob -> org.hibernate.type.NClobType@333d44f6
2022-01-28 09:55:00.330 DEBUG PRFT-16796 --- [    Test worker] o.h.t.BasicTypeRegistry                  : Adding type registration materialized_clob -> org.hibernate.type.MaterializedClobType@4f8659d0
2022-01-28 09:55:00.330 DEBUG PRFT-16796 --- [    Test worker] o.h.t.BasicTypeRegistry                  : Adding type registration materialized_nclob -> org.hibernate.type.MaterializedNClobType@7d28cdcd
2022-01-28 09:55:00.331 DEBUG PRFT-16796 --- [    Test worker] o.h.t.BasicTypeRegistry                  : Adding type registration serializable -> org.hibernate.type.SerializableType@43c0c13a
2022-01-28 09:55:00.333 DEBUG PRFT-16796 --- [    Test worker] o.h.t.BasicTypeRegistry                  : Adding type registration object -> org.hibernate.type.ObjectType@5353dd09
2022-01-28 09:55:00.333 DEBUG PRFT-16796 --- [    Test worker] o.h.t.BasicTypeRegistry                  : Adding type registration java.lang.Object -> org.hibernate.type.ObjectType@5353dd09
2022-01-28 09:55:00.334 DEBUG PRFT-16796 --- [    Test worker] o.h.t.BasicTypeRegistry                  : Adding type registration imm_date -> org.hibernate.type.AdaptedImmutableType@45b96e4c
2022-01-28 09:55:00.334 DEBUG PRFT-16796 --- [    Test worker] o.h.t.BasicTypeRegistry                  : Adding type registration imm_time -> org.hibernate.type.AdaptedImmutableType@8383a14
2022-01-28 09:55:00.334 DEBUG PRFT-16796 --- [    Test worker] o.h.t.BasicTypeRegistry                  : Adding type registration imm_timestamp -> org.hibernate.type.AdaptedImmutableType@4b691611
2022-01-28 09:55:00.334 DEBUG PRFT-16796 --- [    Test worker] o.h.t.BasicTypeRegistry                  : Adding type registration imm_dbtimestamp -> org.hibernate.type.AdaptedImmutableType@395a573c
2022-01-28 09:55:00.334 DEBUG PRFT-16796 --- [    Test worker] o.h.t.BasicTypeRegistry                  : Adding type registration imm_calendar -> org.hibernate.type.AdaptedImmutableType@379f9555
2022-01-28 09:55:00.334 DEBUG PRFT-16796 --- [    Test worker] o.h.t.BasicTypeRegistry                  : Adding type registration imm_calendar_date -> org.hibernate.type.AdaptedImmutableType@7e3ee128
2022-01-28 09:55:00.335 DEBUG PRFT-16796 --- [    Test worker] o.h.t.BasicTypeRegistry                  : Adding type registration imm_binary -> org.hibernate.type.AdaptedImmutableType@7d64a960
2022-01-28 09:55:00.335 DEBUG PRFT-16796 --- [    Test worker] o.h.t.BasicTypeRegistry                  : Adding type registration imm_serializable -> org.hibernate.type.AdaptedImmutableType@166ce247
2022-01-28 09:55:00.377  INFO PRFT-16796 --- [    Test worker] c.z.h.HikariDataSource                   : HikariPool-1 - Starting...
2022-01-28 09:55:00.381  WARN PRFT-16796 --- [    Test worker] c.z.h.u.DriverDataSource                 : Registered driver with driverClassName=com.mysql.jdbc.Driver was not found, trying direct instantiation.
2022-01-28 09:55:00.614  INFO PRFT-16796 --- [    Test worker] c.z.h.HikariDataSource                   : HikariPool-1 - Start completed.
2022-01-28 09:55:00.626  INFO PRFT-16796 --- [    Test worker] o.h.d.Dialect                            : HHH000400: Using dialect: org.hibernate.dialect.MySQL8Dialect
2022-01-28 09:55:00.650 DEBUG PRFT-16796 --- [    Test worker] o.h.t.s.TypeConfiguration$Scope          : Scoping TypeConfiguration [org.hibernate.type.spi.TypeConfiguration@949d347] to MetadataBuildingContext [org.hibernate.boot.internal.MetadataBuildingContextRootImpl@f5ae29e]
2022-01-28 09:55:00.848 DEBUG PRFT-16796 --- [    Test worker] o.h.t.s.TypeConfiguration$Scope          : Scoping TypeConfiguration [org.hibernate.type.spi.TypeConfiguration@949d347] to SessionFactoryImpl [org.hibernate.internal.SessionFactoryImpl@40aad17d]
2022-01-28 09:55:01.089 DEBUG PRFT-16796 --- [    Test worker] o.h.SQL                                  : alter table income_component drop foreign key FKrue38to385ppvt7xl3xh55jwa
Hibernate: alter table income_component drop foreign key FKrue38to385ppvt7xl3xh55jwa
2022-01-28 09:55:01.119 DEBUG PRFT-16796 --- [    Test worker] o.h.SQL                                  : drop table if exists hibernate_sequence
Hibernate: drop table if exists hibernate_sequence
2022-01-28 09:55:01.139 DEBUG PRFT-16796 --- [    Test worker] o.h.SQL                                  : drop table if exists income_component
Hibernate: drop table if exists income_component
2022-01-28 09:55:01.156 DEBUG PRFT-16796 --- [    Test worker] o.h.SQL                                  : drop table if exists person
Hibernate: drop table if exists person
2022-01-28 09:55:01.175 DEBUG PRFT-16796 --- [    Test worker] o.h.SQL                                  : create table hibernate_sequence (next_val bigint) engine=InnoDB
Hibernate: create table hibernate_sequence (next_val bigint) engine=InnoDB
2022-01-28 09:55:01.201 DEBUG PRFT-16796 --- [    Test worker] o.h.SQL                                  : insert into hibernate_sequence values ( 1 )
Hibernate: insert into hibernate_sequence values ( 1 )
2022-01-28 09:55:01.206 DEBUG PRFT-16796 --- [    Test worker] o.h.SQL                                  : create table income_component (iid bigint not null, amount integer not null, is_expense bit not null, pid bigint not null, title varchar(255), person_id integer, primary key (iid)) engine=InnoDB
Hibernate: create table income_component (iid bigint not null, amount integer not null, is_expense bit not null, pid bigint not null, title varchar(255), person_id integer, primary key (iid)) engine=InnoDB
2022-01-28 09:55:01.233 DEBUG PRFT-16796 --- [    Test worker] o.h.SQL                                  : create table person (pid integer not null, firstname varchar(255), lastname varchar(255), primary key (pid)) engine=InnoDB
Hibernate: create table person (pid integer not null, firstname varchar(255), lastname varchar(255), primary key (pid)) engine=InnoDB
2022-01-28 09:55:01.257 DEBUG PRFT-16796 --- [    Test worker] o.h.SQL                                  : alter table income_component add constraint FKrue38to385ppvt7xl3xh55jwa foreign key (person_id) references person (pid)
Hibernate: alter table income_component add constraint FKrue38to385ppvt7xl3xh55jwa foreign key (person_id) references person (pid)
2022-01-28 09:55:01.324  INFO PRFT-16796 --- [    Test worker] o.h.e.t.j.p.i.JtaPlatformInitiator       : HHH000490: Using JtaPlatform implementation: [org.hibernate.engine.transaction.jta.platform.internal.NoJtaPlatform]
2022-01-28 09:55:01.329 TRACE PRFT-16796 --- [    Test worker] o.h.t.s.TypeConfiguration$Scope          : Handling #sessionFactoryCreated from [org.hibernate.internal.SessionFactoryImpl@40aad17d] for TypeConfiguration
2022-01-28 09:55:01.330  INFO PRFT-16796 --- [    Test worker] j.LocalContainerEntityManagerFactoryBean : Initialized JPA EntityManagerFactory for persistence unit 'default'
2022-01-28 09:55:01.619 DEBUG PRFT-16796 --- [    Test worker] o.h.SQL                                  : select next_val as id_val from hibernate_sequence for update
Hibernate: select next_val as id_val from hibernate_sequence for update
2022-01-28 09:55:01.642 DEBUG PRFT-16796 --- [    Test worker] o.h.SQL                                  : update hibernate_sequence set next_val= ? where next_val=?
Hibernate: update hibernate_sequence set next_val= ? where next_val=?
2022-01-28 09:55:01.675 DEBUG PRFT-16796 --- [    Test worker] o.h.SQL                                  : insert into person (firstname, lastname, pid) values (?, ?, ?)
Hibernate: insert into person (firstname, lastname, pid) values (?, ?, ?)
2022-01-28 09:55:01.678 TRACE PRFT-16796 --- [    Test worker] o.h.t.d.s.BasicBinder                    : binding parameter [1] as [VARCHAR] - [Joe]
2022-01-28 09:55:01.678 TRACE PRFT-16796 --- [    Test worker] o.h.t.d.s.BasicBinder                    : binding parameter [2] as [VARCHAR] - [Mamma]
2022-01-28 09:55:01.678 TRACE PRFT-16796 --- [    Test worker] o.h.t.d.s.BasicBinder                    : binding parameter [3] as [INTEGER] - [1]
2022-01-28 09:55:01.691 DEBUG PRFT-16796 --- [    Test worker] o.h.SQL                                  : select next_val as id_val from hibernate_sequence for update
Hibernate: select next_val as id_val from hibernate_sequence for update
2022-01-28 09:55:01.692 DEBUG PRFT-16796 --- [    Test worker] o.h.SQL                                  : update hibernate_sequence set next_val= ? where next_val=?
Hibernate: update hibernate_sequence set next_val= ? where next_val=?
2022-01-28 09:55:01.705 DEBUG PRFT-16796 --- [    Test worker] o.h.SQL                                  : insert into person (firstname, lastname, pid) values (?, ?, ?)
Hibernate: insert into person (firstname, lastname, pid) values (?, ?, ?)
2022-01-28 09:55:01.705 TRACE PRFT-16796 --- [    Test worker] o.h.t.d.s.BasicBinder                    : binding parameter [1] as [VARCHAR] - [Ryan]
2022-01-28 09:55:01.705 TRACE PRFT-16796 --- [    Test worker] o.h.t.d.s.BasicBinder                    : binding parameter [2] as [VARCHAR] - [Reynolds]
2022-01-28 09:55:01.705 TRACE PRFT-16796 --- [    Test worker] o.h.t.d.s.BasicBinder                    : binding parameter [3] as [INTEGER] - [2]
2022-01-28 09:55:01.716 DEBUG PRFT-16796 --- [    Test worker] o.h.SQL                                  : select next_val as id_val from hibernate_sequence for update
Hibernate: select next_val as id_val from hibernate_sequence for update
2022-01-28 09:55:01.718 DEBUG PRFT-16796 --- [    Test worker] o.h.SQL                                  : update hibernate_sequence set next_val= ? where next_val=?
Hibernate: update hibernate_sequence set next_val= ? where next_val=?
2022-01-28 09:55:01.725 DEBUG PRFT-16796 --- [    Test worker] o.h.SQL                                  : insert into person (firstname, lastname, pid) values (?, ?, ?)
Hibernate: insert into person (firstname, lastname, pid) values (?, ?, ?)
2022-01-28 09:55:01.726 TRACE PRFT-16796 --- [    Test worker] o.h.t.d.s.BasicBinder                    : binding parameter [1] as [VARCHAR] - [Emma]
2022-01-28 09:55:01.726 TRACE PRFT-16796 --- [    Test worker] o.h.t.d.s.BasicBinder                    : binding parameter [2] as [VARCHAR] - [Stone]
2022-01-28 09:55:01.726 TRACE PRFT-16796 --- [    Test worker] o.h.t.d.s.BasicBinder                    : binding parameter [3] as [INTEGER] - [3]
2022-01-28 09:55:01.735 DEBUG PRFT-16796 --- [    Test worker] o.h.SQL                                  : select next_val as id_val from hibernate_sequence for update
Hibernate: select next_val as id_val from hibernate_sequence for update
2022-01-28 09:55:01.736 DEBUG PRFT-16796 --- [    Test worker] o.h.SQL                                  : update hibernate_sequence set next_val= ? where next_val=?
Hibernate: update hibernate_sequence set next_val= ? where next_val=?
2022-01-28 09:55:01.744 DEBUG PRFT-16796 --- [    Test worker] o.h.SQL                                  : insert into person (firstname, lastname, pid) values (?, ?, ?)
Hibernate: insert into person (firstname, lastname, pid) values (?, ?, ?)
2022-01-28 09:55:01.745 TRACE PRFT-16796 --- [    Test worker] o.h.t.d.s.BasicBinder                    : binding parameter [1] as [VARCHAR] - [Dwayne]
2022-01-28 09:55:01.745 TRACE PRFT-16796 --- [    Test worker] o.h.t.d.s.BasicBinder                    : binding parameter [2] as [VARCHAR] - [Johnson]
2022-01-28 09:55:01.745 TRACE PRFT-16796 --- [    Test worker] o.h.t.d.s.BasicBinder                    : binding parameter [3] as [INTEGER] - [4]
2022-01-28 09:55:01.754 DEBUG PRFT-16796 --- [    Test worker] o.h.SQL                                  : select next_val as id_val from hibernate_sequence for update
Hibernate: select next_val as id_val from hibernate_sequence for update
2022-01-28 09:55:01.755 DEBUG PRFT-16796 --- [    Test worker] o.h.SQL                                  : update hibernate_sequence set next_val= ? where next_val=?
Hibernate: update hibernate_sequence set next_val= ? where next_val=?
2022-01-28 09:55:01.760 DEBUG PRFT-16796 --- [    Test worker] o.h.SQL                                  : insert into person (firstname, lastname, pid) values (?, ?, ?)
Hibernate: insert into person (firstname, lastname, pid) values (?, ?, ?)
2022-01-28 09:55:01.760 TRACE PRFT-16796 --- [    Test worker] o.h.t.d.s.BasicBinder                    : binding parameter [1] as [VARCHAR] - [Bryce]
2022-01-28 09:55:01.760 TRACE PRFT-16796 --- [    Test worker] o.h.t.d.s.BasicBinder                    : binding parameter [2] as [VARCHAR] - [Vine]
2022-01-28 09:55:01.761 TRACE PRFT-16796 --- [    Test worker] o.h.t.d.s.BasicBinder                    : binding parameter [3] as [INTEGER] - [5]
2022-01-28 09:55:01.769 DEBUG PRFT-16796 --- [    Test worker] o.h.SQL                                  : select next_val as id_val from hibernate_sequence for update
Hibernate: select next_val as id_val from hibernate_sequence for update
2022-01-28 09:55:01.770 DEBUG PRFT-16796 --- [    Test worker] o.h.SQL                                  : update hibernate_sequence set next_val= ? where next_val=?
Hibernate: update hibernate_sequence set next_val= ? where next_val=?
2022-01-28 09:55:01.777 DEBUG PRFT-16796 --- [    Test worker] o.h.SQL                                  : insert into person (firstname, lastname, pid) values (?, ?, ?)
Hibernate: insert into person (firstname, lastname, pid) values (?, ?, ?)
2022-01-28 09:55:01.777 TRACE PRFT-16796 --- [    Test worker] o.h.t.d.s.BasicBinder                    : binding parameter [1] as [VARCHAR] - [Bob]
2022-01-28 09:55:01.777 TRACE PRFT-16796 --- [    Test worker] o.h.t.d.s.BasicBinder                    : binding parameter [2] as [VARCHAR] - [Ross]
2022-01-28 09:55:01.777 TRACE PRFT-16796 --- [    Test worker] o.h.t.d.s.BasicBinder                    : binding parameter [3] as [INTEGER] - [6]
2022-01-28 09:55:01.942  WARN PRFT-16796 --- [    Test worker] JpaBaseConfiguration$JpaWebConfiguration : spring.jpa.open-in-view is enabled by default. Therefore, database queries may be performed during view rendering. Explicitly configure spring.jpa.open-in-view to disable this warning
2022-01-28 09:55:02.251  INFO PRFT-16796 --- [    Test worker] o.s.b.a.w.s.WelcomePageHandlerMapping    : Adding welcome page: class path resource [static/index.html]
2022-01-28 09:55:02.454  INFO PRFT-16796 --- [    Test worker] TechbootcampJackMcEligotApplicationTests : Started TechbootcampJackMcEligotApplicationTests in 3.392 seconds (JVM running for 4.561)
]]></system-out>
  <system-err><![CDATA[Loading class `com.mysql.jdbc.Driver'. This is deprecated. The new driver class is `com.mysql.cj.jdbc.Driver'. The driver is automatically registered via the SPI and manual loading of the driver class is generally unnecessary.
]]></system-err>
</testsuite>
