<?xml version="1.0" encoding="UTF-8"?>
<testsuite name="com.perficient.techbootcampJackMcEligot.TechbootcampJackMcEligotApplicationTests" tests="4" skipped="0" failures="0" errors="0" timestamp="2022-02-10T15:27:48" hostname="PRFT-16796" time="0.151">
  <properties/>
  <testcase name="demoTestMethod()" classname="com.perficient.techbootcampJackMcEligot.TechbootcampJackMcEligotApplicationTests" time="0.14"/>
  <testcase name="contextLoads()" classname="com.perficient.techbootcampJackMcEligot.TechbootcampJackMcEligotApplicationTests" time="0.003"/>
  <testcase name="Testing Person creation defaults" classname="com.perficient.techbootcampJackMcEligot.TechbootcampJackMcEligotApplicationTests" time="0.004"/>
  <testcase name="Testing SetFirstname" classname="com.perficient.techbootcampJackMcEligot.TechbootcampJackMcEligotApplicationTests" time="0.001"/>
  <system-out><![CDATA[2022-02-10 09:27:45.481  INFO PRFT-16796 --- [    Test worker] .b.t.c.SpringBootTestContextBootstrapper : Neither @ContextConfiguration nor @ContextHierarchy found for test class [com.perficient.techbootcampJackMcEligot.TechbootcampJackMcEligotApplicationTests], using SpringBootContextLoader
2022-02-10 09:27:45.489  INFO PRFT-16796 --- [    Test worker] o.s.t.c.s.AbstractContextLoader          : Could not detect default resource locations for test class [com.perficient.techbootcampJackMcEligot.TechbootcampJackMcEligotApplicationTests]: no resource found for suffixes {-context.xml, Context.groovy}.
2022-02-10 09:27:45.490  INFO PRFT-16796 --- [    Test worker] t.c.s.AnnotationConfigContextLoaderUtils : Could not detect default configuration classes for test class [com.perficient.techbootcampJackMcEligot.TechbootcampJackMcEligotApplicationTests]: TechbootcampJackMcEligotApplicationTests does not declare any static, non-private, non-final, nested classes annotated with @Configuration.
2022-02-10 09:27:45.551  INFO PRFT-16796 --- [    Test worker] .b.t.c.SpringBootTestContextBootstrapper : Found @SpringBootConfiguration com.perficient.techbootcampJackMcEligot.TechbootcampJackMcEligotApplication for test class com.perficient.techbootcampJackMcEligot.TechbootcampJackMcEligotApplicationTests
2022-02-10 09:27:45.620  INFO PRFT-16796 --- [    Test worker] .b.t.c.SpringBootTestContextBootstrapper : Loaded default TestExecutionListener class names from location [META-INF/spring.factories]: [org.springframework.boot.test.autoconfigure.restdocs.RestDocsTestExecutionListener, org.springframework.boot.test.autoconfigure.web.client.MockRestServiceServerResetTestExecutionListener, org.springframework.boot.test.autoconfigure.web.servlet.MockMvcPrintOnlyOnFailureTestExecutionListener, org.springframework.boot.test.autoconfigure.web.servlet.WebDriverTestExecutionListener, org.springframework.boot.test.autoconfigure.webservices.client.MockWebServiceServerTestExecutionListener, org.springframework.boot.test.mock.mockito.MockitoTestExecutionListener, org.springframework.boot.test.mock.mockito.ResetMocksTestExecutionListener, org.springframework.test.context.web.ServletTestExecutionListener, org.springframework.test.context.support.DirtiesContextBeforeModesTestExecutionListener, org.springframework.test.context.event.ApplicationEventsTestExecutionListener, org.springframework.test.context.support.DependencyInjectionTestExecutionListener, org.springframework.test.context.support.DirtiesContextTestExecutionListener, org.springframework.test.context.transaction.TransactionalTestExecutionListener, org.springframework.test.context.jdbc.SqlScriptsTestExecutionListener, org.springframework.test.context.event.EventPublishingTestExecutionListener]
2022-02-10 09:27:45.631  INFO PRFT-16796 --- [    Test worker] .b.t.c.SpringBootTestContextBootstrapper : Using TestExecutionListeners: [org.springframework.test.context.web.ServletTestExecutionListener@6c03fb16, org.springframework.test.context.support.DirtiesContextBeforeModesTestExecutionListener@28348c6, org.springframework.test.context.event.ApplicationEventsTestExecutionListener@6de0f580, org.springframework.boot.test.mock.mockito.MockitoTestExecutionListener@6e495b48, org.springframework.boot.test.autoconfigure.SpringBootDependencyInjectionTestExecutionListener@1d61c6dc, org.springframework.test.context.support.DirtiesContextTestExecutionListener@53c68ce, org.springframework.test.context.transaction.TransactionalTestExecutionListener@6f9ad11c, org.springframework.test.context.jdbc.SqlScriptsTestExecutionListener@4b2d44bc, org.springframework.test.context.event.EventPublishingTestExecutionListener@58e92c23, org.springframework.boot.test.autoconfigure.restdocs.RestDocsTestExecutionListener@3e7545e8, org.springframework.boot.test.autoconfigure.web.client.MockRestServiceServerResetTestExecutionListener@75e710b, org.springframework.boot.test.autoconfigure.web.servlet.MockMvcPrintOnlyOnFailureTestExecutionListener@26f7cdf8, org.springframework.boot.test.autoconfigure.web.servlet.WebDriverTestExecutionListener@376e7531, org.springframework.boot.test.autoconfigure.webservices.client.MockWebServiceServerTestExecutionListener@23202c31, org.springframework.boot.test.mock.mockito.ResetMocksTestExecutionListener@5782d777]

  .   ____          _            __ _ _
 /\\ / ___'_ __ _ _(_)_ __  __ _ \ \ \ \
( ( )\___ | '_ | '_| | '_ \/ _` | \ \ \ \
 \\/  ___)| |_)| | | | | || (_| |  ) ) ) )
  '  |____| .__|_| |_|_| |_\__, | / / / /
 =========|_|==============|___/=/_/_/_/
 :: Spring Boot ::                (v2.6.2)

2022-02-10 09:27:45.803  INFO PRFT-16796 --- [    Test worker] TechbootcampJackMcEligotApplicationTests : Starting TechbootcampJackMcEligotApplicationTests using Java 17.0.1 on PRFT-16796 with PID 10148 (started by jackson.mceligot in C:\appdev\projects\tech-bootcamp\tech-bootcamp-perficient\techbootcamp-JackMcEligot)
2022-02-10 09:27:45.804  INFO PRFT-16796 --- [    Test worker] TechbootcampJackMcEligotApplicationTests : No active profile set, falling back to default profiles: default
2022-02-10 09:27:46.193  INFO PRFT-16796 --- [    Test worker] .s.d.r.c.RepositoryConfigurationDelegate : Bootstrapping Spring Data JPA repositories in DEFAULT mode.
2022-02-10 09:27:46.224  INFO PRFT-16796 --- [    Test worker] .s.d.r.c.RepositoryConfigurationDelegate : Finished Spring Data repository scanning in 26 ms. Found 2 JPA repository interfaces.
2022-02-10 09:27:46.578  INFO PRFT-16796 --- [    Test worker] o.h.j.i.u.LogHelper                      : HHH000204: Processing PersistenceUnitInfo [name: default]
2022-02-10 09:27:46.618  INFO PRFT-16796 --- [    Test worker] o.h.Version                              : HHH000412: Hibernate ORM core version 5.6.3.Final
2022-02-10 09:27:46.731  INFO PRFT-16796 --- [    Test worker] o.h.a.c.Version                          : HCANN000001: Hibernate Commons Annotations {5.1.2.Final}
2022-02-10 09:27:46.759 DEBUG PRFT-16796 --- [    Test worker] o.h.t.BasicTypeRegistry                  : Adding type registration boolean -> org.hibernate.type.BooleanType@56c42964
2022-02-10 09:27:46.759 DEBUG PRFT-16796 --- [    Test worker] o.h.t.BasicTypeRegistry                  : Adding type registration boolean -> org.hibernate.type.BooleanType@56c42964
2022-02-10 09:27:46.759 DEBUG PRFT-16796 --- [    Test worker] o.h.t.BasicTypeRegistry                  : Adding type registration java.lang.Boolean -> org.hibernate.type.BooleanType@56c42964
2022-02-10 09:27:46.759 DEBUG PRFT-16796 --- [    Test worker] o.h.t.BasicTypeRegistry                  : Adding type registration numeric_boolean -> org.hibernate.type.NumericBooleanType@45d389f2
2022-02-10 09:27:46.760 DEBUG PRFT-16796 --- [    Test worker] o.h.t.BasicTypeRegistry                  : Adding type registration true_false -> org.hibernate.type.TrueFalseType@5563bb40
2022-02-10 09:27:46.760 DEBUG PRFT-16796 --- [    Test worker] o.h.t.BasicTypeRegistry                  : Adding type registration yes_no -> org.hibernate.type.YesNoType@4efb13f1
2022-02-10 09:27:46.761 DEBUG PRFT-16796 --- [    Test worker] o.h.t.BasicTypeRegistry                  : Adding type registration byte -> org.hibernate.type.ByteType@15e08615
2022-02-10 09:27:46.761 DEBUG PRFT-16796 --- [    Test worker] o.h.t.BasicTypeRegistry                  : Adding type registration byte -> org.hibernate.type.ByteType@15e08615
2022-02-10 09:27:46.761 DEBUG PRFT-16796 --- [    Test worker] o.h.t.BasicTypeRegistry                  : Adding type registration java.lang.Byte -> org.hibernate.type.ByteType@15e08615
2022-02-10 09:27:46.762 DEBUG PRFT-16796 --- [    Test worker] o.h.t.BasicTypeRegistry                  : Adding type registration character -> org.hibernate.type.CharacterType@bd4ee01
2022-02-10 09:27:46.762 DEBUG PRFT-16796 --- [    Test worker] o.h.t.BasicTypeRegistry                  : Adding type registration char -> org.hibernate.type.CharacterType@bd4ee01
2022-02-10 09:27:46.762 DEBUG PRFT-16796 --- [    Test worker] o.h.t.BasicTypeRegistry                  : Adding type registration java.lang.Character -> org.hibernate.type.CharacterType@bd4ee01
2022-02-10 09:27:46.763 DEBUG PRFT-16796 --- [    Test worker] o.h.t.BasicTypeRegistry                  : Adding type registration short -> org.hibernate.type.ShortType@5c25d0d1
2022-02-10 09:27:46.763 DEBUG PRFT-16796 --- [    Test worker] o.h.t.BasicTypeRegistry                  : Adding type registration short -> org.hibernate.type.ShortType@5c25d0d1
2022-02-10 09:27:46.763 DEBUG PRFT-16796 --- [    Test worker] o.h.t.BasicTypeRegistry                  : Adding type registration java.lang.Short -> org.hibernate.type.ShortType@5c25d0d1
2022-02-10 09:27:46.764 DEBUG PRFT-16796 --- [    Test worker] o.h.t.BasicTypeRegistry                  : Adding type registration integer -> org.hibernate.type.IntegerType@4276ad40
2022-02-10 09:27:46.764 DEBUG PRFT-16796 --- [    Test worker] o.h.t.BasicTypeRegistry                  : Adding type registration int -> org.hibernate.type.IntegerType@4276ad40
2022-02-10 09:27:46.764 DEBUG PRFT-16796 --- [    Test worker] o.h.t.BasicTypeRegistry                  : Adding type registration java.lang.Integer -> org.hibernate.type.IntegerType@4276ad40
2022-02-10 09:27:46.765 DEBUG PRFT-16796 --- [    Test worker] o.h.t.BasicTypeRegistry                  : Adding type registration long -> org.hibernate.type.LongType@2a19a0fe
2022-02-10 09:27:46.765 DEBUG PRFT-16796 --- [    Test worker] o.h.t.BasicTypeRegistry                  : Adding type registration long -> org.hibernate.type.LongType@2a19a0fe
2022-02-10 09:27:46.765 DEBUG PRFT-16796 --- [    Test worker] o.h.t.BasicTypeRegistry                  : Adding type registration java.lang.Long -> org.hibernate.type.LongType@2a19a0fe
2022-02-10 09:27:46.766 DEBUG PRFT-16796 --- [    Test worker] o.h.t.BasicTypeRegistry                  : Adding type registration float -> org.hibernate.type.FloatType@1570cad0
2022-02-10 09:27:46.766 DEBUG PRFT-16796 --- [    Test worker] o.h.t.BasicTypeRegistry                  : Adding type registration float -> org.hibernate.type.FloatType@1570cad0
2022-02-10 09:27:46.766 DEBUG PRFT-16796 --- [    Test worker] o.h.t.BasicTypeRegistry                  : Adding type registration java.lang.Float -> org.hibernate.type.FloatType@1570cad0
2022-02-10 09:27:46.767 DEBUG PRFT-16796 --- [    Test worker] o.h.t.BasicTypeRegistry                  : Adding type registration double -> org.hibernate.type.DoubleType@27896d3b
2022-02-10 09:27:46.767 DEBUG PRFT-16796 --- [    Test worker] o.h.t.BasicTypeRegistry                  : Adding type registration double -> org.hibernate.type.DoubleType@27896d3b
2022-02-10 09:27:46.767 DEBUG PRFT-16796 --- [    Test worker] o.h.t.BasicTypeRegistry                  : Adding type registration java.lang.Double -> org.hibernate.type.DoubleType@27896d3b
2022-02-10 09:27:46.767 DEBUG PRFT-16796 --- [    Test worker] o.h.t.BasicTypeRegistry                  : Adding type registration big_decimal -> org.hibernate.type.BigDecimalType@69ba3f4e
2022-02-10 09:27:46.767 DEBUG PRFT-16796 --- [    Test worker] o.h.t.BasicTypeRegistry                  : Adding type registration java.math.BigDecimal -> org.hibernate.type.BigDecimalType@69ba3f4e
2022-02-10 09:27:46.768 DEBUG PRFT-16796 --- [    Test worker] o.h.t.BasicTypeRegistry                  : Adding type registration big_integer -> org.hibernate.type.BigIntegerType@30517a57
2022-02-10 09:27:46.768 DEBUG PRFT-16796 --- [    Test worker] o.h.t.BasicTypeRegistry                  : Adding type registration java.math.BigInteger -> org.hibernate.type.BigIntegerType@30517a57
2022-02-10 09:27:46.768 DEBUG PRFT-16796 --- [    Test worker] o.h.t.BasicTypeRegistry                  : Adding type registration string -> org.hibernate.type.StringType@1ccdc7aa
2022-02-10 09:27:46.769 DEBUG PRFT-16796 --- [    Test worker] o.h.t.BasicTypeRegistry                  : Adding type registration java.lang.String -> org.hibernate.type.StringType@1ccdc7aa
2022-02-10 09:27:46.769 DEBUG PRFT-16796 --- [    Test worker] o.h.t.BasicTypeRegistry                  : Adding type registration nstring -> org.hibernate.type.StringNVarcharType@44864536
2022-02-10 09:27:46.769 DEBUG PRFT-16796 --- [    Test worker] o.h.t.BasicTypeRegistry                  : Adding type registration ncharacter -> org.hibernate.type.CharacterNCharType@fcf9525
2022-02-10 09:27:46.770 DEBUG PRFT-16796 --- [    Test worker] o.h.t.BasicTypeRegistry                  : Adding type registration url -> org.hibernate.type.UrlType@27dbaa33
2022-02-10 09:27:46.770 DEBUG PRFT-16796 --- [    Test worker] o.h.t.BasicTypeRegistry                  : Adding type registration java.net.URL -> org.hibernate.type.UrlType@27dbaa33
2022-02-10 09:27:46.770 DEBUG PRFT-16796 --- [    Test worker] o.h.t.BasicTypeRegistry                  : Adding type registration Duration -> org.hibernate.type.DurationType@38f502fc
2022-02-10 09:27:46.770 DEBUG PRFT-16796 --- [    Test worker] o.h.t.BasicTypeRegistry                  : Adding type registration java.time.Duration -> org.hibernate.type.DurationType@38f502fc
2022-02-10 09:27:46.771 DEBUG PRFT-16796 --- [    Test worker] o.h.t.BasicTypeRegistry                  : Adding type registration Instant -> org.hibernate.type.InstantType@60fc7f43
2022-02-10 09:27:46.771 DEBUG PRFT-16796 --- [    Test worker] o.h.t.BasicTypeRegistry                  : Adding type registration java.time.Instant -> org.hibernate.type.InstantType@60fc7f43
2022-02-10 09:27:46.772 DEBUG PRFT-16796 --- [    Test worker] o.h.t.BasicTypeRegistry                  : Adding type registration LocalDateTime -> org.hibernate.type.LocalDateTimeType@77b71c9
2022-02-10 09:27:46.772 DEBUG PRFT-16796 --- [    Test worker] o.h.t.BasicTypeRegistry                  : Adding type registration java.time.LocalDateTime -> org.hibernate.type.LocalDateTimeType@77b71c9
2022-02-10 09:27:46.773 DEBUG PRFT-16796 --- [    Test worker] o.h.t.BasicTypeRegistry                  : Adding type registration LocalDate -> org.hibernate.type.LocalDateType@38c10190
2022-02-10 09:27:46.773 DEBUG PRFT-16796 --- [    Test worker] o.h.t.BasicTypeRegistry                  : Adding type registration java.time.LocalDate -> org.hibernate.type.LocalDateType@38c10190
2022-02-10 09:27:46.773 DEBUG PRFT-16796 --- [    Test worker] o.h.t.BasicTypeRegistry                  : Adding type registration LocalTime -> org.hibernate.type.LocalTimeType@4e7bc939
2022-02-10 09:27:46.773 DEBUG PRFT-16796 --- [    Test worker] o.h.t.BasicTypeRegistry                  : Adding type registration java.time.LocalTime -> org.hibernate.type.LocalTimeType@4e7bc939
2022-02-10 09:27:46.774 DEBUG PRFT-16796 --- [    Test worker] o.h.t.BasicTypeRegistry                  : Adding type registration OffsetDateTime -> org.hibernate.type.OffsetDateTimeType@14b5752f
2022-02-10 09:27:46.775 DEBUG PRFT-16796 --- [    Test worker] o.h.t.BasicTypeRegistry                  : Adding type registration java.time.OffsetDateTime -> org.hibernate.type.OffsetDateTimeType@14b5752f
2022-02-10 09:27:46.775 DEBUG PRFT-16796 --- [    Test worker] o.h.t.BasicTypeRegistry                  : Adding type registration OffsetTime -> org.hibernate.type.OffsetTimeType@4fad51a3
2022-02-10 09:27:46.775 DEBUG PRFT-16796 --- [    Test worker] o.h.t.BasicTypeRegistry                  : Adding type registration java.time.OffsetTime -> org.hibernate.type.OffsetTimeType@4fad51a3
2022-02-10 09:27:46.776 DEBUG PRFT-16796 --- [    Test worker] o.h.t.BasicTypeRegistry                  : Adding type registration ZonedDateTime -> org.hibernate.type.ZonedDateTimeType@273dec10
2022-02-10 09:27:46.776 DEBUG PRFT-16796 --- [    Test worker] o.h.t.BasicTypeRegistry                  : Adding type registration java.time.ZonedDateTime -> org.hibernate.type.ZonedDateTimeType@273dec10
2022-02-10 09:27:46.777 DEBUG PRFT-16796 --- [    Test worker] o.h.t.BasicTypeRegistry                  : Adding type registration date -> org.hibernate.type.DateType@2af9a5ef
2022-02-10 09:27:46.777 DEBUG PRFT-16796 --- [    Test worker] o.h.t.BasicTypeRegistry                  : Adding type registration java.sql.Date -> org.hibernate.type.DateType@2af9a5ef
2022-02-10 09:27:46.778 DEBUG PRFT-16796 --- [    Test worker] o.h.t.BasicTypeRegistry                  : Adding type registration time -> org.hibernate.type.TimeType@6f0c45f4
2022-02-10 09:27:46.778 DEBUG PRFT-16796 --- [    Test worker] o.h.t.BasicTypeRegistry                  : Adding type registration java.sql.Time -> org.hibernate.type.TimeType@6f0c45f4
2022-02-10 09:27:46.779 DEBUG PRFT-16796 --- [    Test worker] o.h.t.BasicTypeRegistry                  : Adding type registration timestamp -> org.hibernate.type.TimestampType@699e0bf0
2022-02-10 09:27:46.779 DEBUG PRFT-16796 --- [    Test worker] o.h.t.BasicTypeRegistry                  : Adding type registration java.sql.Timestamp -> org.hibernate.type.TimestampType@699e0bf0
2022-02-10 09:27:46.779 DEBUG PRFT-16796 --- [    Test worker] o.h.t.BasicTypeRegistry                  : Adding type registration java.util.Date -> org.hibernate.type.TimestampType@699e0bf0
2022-02-10 09:27:46.781 DEBUG PRFT-16796 --- [    Test worker] o.h.t.BasicTypeRegistry                  : Adding type registration dbtimestamp -> org.hibernate.type.DbTimestampType@315b4202
2022-02-10 09:27:46.782 DEBUG PRFT-16796 --- [    Test worker] o.h.t.BasicTypeRegistry                  : Adding type registration calendar -> org.hibernate.type.CalendarType@25470477
2022-02-10 09:27:46.782 DEBUG PRFT-16796 --- [    Test worker] o.h.t.BasicTypeRegistry                  : Adding type registration java.util.Calendar -> org.hibernate.type.CalendarType@25470477
2022-02-10 09:27:46.782 DEBUG PRFT-16796 --- [    Test worker] o.h.t.BasicTypeRegistry                  : Adding type registration java.util.GregorianCalendar -> org.hibernate.type.CalendarType@25470477
2022-02-10 09:27:46.783 DEBUG PRFT-16796 --- [    Test worker] o.h.t.BasicTypeRegistry                  : Adding type registration calendar_date -> org.hibernate.type.CalendarDateType@4656fcc5
2022-02-10 09:27:46.783 DEBUG PRFT-16796 --- [    Test worker] o.h.t.BasicTypeRegistry                  : Adding type registration calendar_time -> org.hibernate.type.CalendarTimeType@4a9869a8
2022-02-10 09:27:46.784 DEBUG PRFT-16796 --- [    Test worker] o.h.t.BasicTypeRegistry                  : Adding type registration locale -> org.hibernate.type.LocaleType@4ced17f3
2022-02-10 09:27:46.784 DEBUG PRFT-16796 --- [    Test worker] o.h.t.BasicTypeRegistry                  : Adding type registration java.util.Locale -> org.hibernate.type.LocaleType@4ced17f3
2022-02-10 09:27:46.785 DEBUG PRFT-16796 --- [    Test worker] o.h.t.BasicTypeRegistry                  : Adding type registration currency -> org.hibernate.type.CurrencyType@7c4d1c7b
2022-02-10 09:27:46.785 DEBUG PRFT-16796 --- [    Test worker] o.h.t.BasicTypeRegistry                  : Adding type registration java.util.Currency -> org.hibernate.type.CurrencyType@7c4d1c7b
2022-02-10 09:27:46.786 DEBUG PRFT-16796 --- [    Test worker] o.h.t.BasicTypeRegistry                  : Adding type registration timezone -> org.hibernate.type.TimeZoneType@1da75dde
2022-02-10 09:27:46.786 DEBUG PRFT-16796 --- [    Test worker] o.h.t.BasicTypeRegistry                  : Adding type registration java.util.TimeZone -> org.hibernate.type.TimeZoneType@1da75dde
2022-02-10 09:27:46.787 DEBUG PRFT-16796 --- [    Test worker] o.h.t.BasicTypeRegistry                  : Adding type registration class -> org.hibernate.type.ClassType@790654d5
2022-02-10 09:27:46.787 DEBUG PRFT-16796 --- [    Test worker] o.h.t.BasicTypeRegistry                  : Adding type registration java.lang.Class -> org.hibernate.type.ClassType@790654d5
2022-02-10 09:27:46.787 DEBUG PRFT-16796 --- [    Test worker] o.h.t.BasicTypeRegistry                  : Adding type registration uuid-binary -> org.hibernate.type.UUIDBinaryType@176333ee
2022-02-10 09:27:46.787 DEBUG PRFT-16796 --- [    Test worker] o.h.t.BasicTypeRegistry                  : Adding type registration java.util.UUID -> org.hibernate.type.UUIDBinaryType@176333ee
2022-02-10 09:27:46.788 DEBUG PRFT-16796 --- [    Test worker] o.h.t.BasicTypeRegistry                  : Adding type registration uuid-char -> org.hibernate.type.UUIDCharType@30d5e37c
2022-02-10 09:27:46.788 DEBUG PRFT-16796 --- [    Test worker] o.h.t.BasicTypeRegistry                  : Adding type registration binary -> org.hibernate.type.BinaryType@12209826
2022-02-10 09:27:46.789 DEBUG PRFT-16796 --- [    Test worker] o.h.t.BasicTypeRegistry                  : Adding type registration byte[] -> org.hibernate.type.BinaryType@12209826
2022-02-10 09:27:46.789 DEBUG PRFT-16796 --- [    Test worker] o.h.t.BasicTypeRegistry                  : Adding type registration [B -> org.hibernate.type.BinaryType@12209826
2022-02-10 09:27:46.789 DEBUG PRFT-16796 --- [    Test worker] o.h.t.BasicTypeRegistry                  : Adding type registration wrapper-binary -> org.hibernate.type.WrapperBinaryType@58186f9f
2022-02-10 09:27:46.789 DEBUG PRFT-16796 --- [    Test worker] o.h.t.BasicTypeRegistry                  : Adding type registration Byte[] -> org.hibernate.type.WrapperBinaryType@58186f9f
2022-02-10 09:27:46.790 DEBUG PRFT-16796 --- [    Test worker] o.h.t.BasicTypeRegistry                  : Adding type registration [Ljava.lang.Byte; -> org.hibernate.type.WrapperBinaryType@58186f9f
2022-02-10 09:27:46.790 DEBUG PRFT-16796 --- [    Test worker] o.h.t.BasicTypeRegistry                  : Adding type registration row_version -> org.hibernate.type.RowVersionType@26994c6a
2022-02-10 09:27:46.790 DEBUG PRFT-16796 --- [    Test worker] o.h.t.BasicTypeRegistry                  : Adding type registration image -> org.hibernate.type.ImageType@5885e231
2022-02-10 09:27:46.791 DEBUG PRFT-16796 --- [    Test worker] o.h.t.BasicTypeRegistry                  : Adding type registration characters -> org.hibernate.type.CharArrayType@602298b
2022-02-10 09:27:46.791 DEBUG PRFT-16796 --- [    Test worker] o.h.t.BasicTypeRegistry                  : Adding type registration char[] -> org.hibernate.type.CharArrayType@602298b
2022-02-10 09:27:46.791 DEBUG PRFT-16796 --- [    Test worker] o.h.t.BasicTypeRegistry                  : Adding type registration [C -> org.hibernate.type.CharArrayType@602298b
2022-02-10 09:27:46.792 DEBUG PRFT-16796 --- [    Test worker] o.h.t.BasicTypeRegistry                  : Adding type registration wrapper-characters -> org.hibernate.type.CharacterArrayType@44b9c7c4
2022-02-10 09:27:46.792 DEBUG PRFT-16796 --- [    Test worker] o.h.t.BasicTypeRegistry                  : Adding type registration [Ljava.lang.Character; -> org.hibernate.type.CharacterArrayType@44b9c7c4
2022-02-10 09:27:46.792 DEBUG PRFT-16796 --- [    Test worker] o.h.t.BasicTypeRegistry                  : Adding type registration Character[] -> org.hibernate.type.CharacterArrayType@44b9c7c4
2022-02-10 09:27:46.792 DEBUG PRFT-16796 --- [    Test worker] o.h.t.BasicTypeRegistry                  : Adding type registration text -> org.hibernate.type.TextType@5238896f
2022-02-10 09:27:46.792 DEBUG PRFT-16796 --- [    Test worker] o.h.t.BasicTypeRegistry                  : Adding type registration ntext -> org.hibernate.type.NTextType@2b9b17ce
2022-02-10 09:27:46.793 DEBUG PRFT-16796 --- [    Test worker] o.h.t.BasicTypeRegistry                  : Adding type registration blob -> org.hibernate.type.BlobType@29c1249a
2022-02-10 09:27:46.793 DEBUG PRFT-16796 --- [    Test worker] o.h.t.BasicTypeRegistry                  : Adding type registration java.sql.Blob -> org.hibernate.type.BlobType@29c1249a
2022-02-10 09:27:46.794 DEBUG PRFT-16796 --- [    Test worker] o.h.t.BasicTypeRegistry                  : Adding type registration materialized_blob -> org.hibernate.type.MaterializedBlobType@31c7c281
2022-02-10 09:27:46.795 DEBUG PRFT-16796 --- [    Test worker] o.h.t.BasicTypeRegistry                  : Adding type registration clob -> org.hibernate.type.ClobType@16c5b50a
2022-02-10 09:27:46.795 DEBUG PRFT-16796 --- [    Test worker] o.h.t.BasicTypeRegistry                  : Adding type registration java.sql.Clob -> org.hibernate.type.ClobType@16c5b50a
2022-02-10 09:27:46.796 DEBUG PRFT-16796 --- [    Test worker] o.h.t.BasicTypeRegistry                  : Adding type registration nclob -> org.hibernate.type.NClobType@42cc5460
2022-02-10 09:27:46.796 DEBUG PRFT-16796 --- [    Test worker] o.h.t.BasicTypeRegistry                  : Adding type registration java.sql.NClob -> org.hibernate.type.NClobType@42cc5460
2022-02-10 09:27:46.796 DEBUG PRFT-16796 --- [    Test worker] o.h.t.BasicTypeRegistry                  : Adding type registration materialized_clob -> org.hibernate.type.MaterializedClobType@205159dc
2022-02-10 09:27:46.796 DEBUG PRFT-16796 --- [    Test worker] o.h.t.BasicTypeRegistry                  : Adding type registration materialized_nclob -> org.hibernate.type.MaterializedNClobType@2ad2b274
2022-02-10 09:27:46.797 DEBUG PRFT-16796 --- [    Test worker] o.h.t.BasicTypeRegistry                  : Adding type registration serializable -> org.hibernate.type.SerializableType@55fb36de
2022-02-10 09:27:46.799 DEBUG PRFT-16796 --- [    Test worker] o.h.t.BasicTypeRegistry                  : Adding type registration object -> org.hibernate.type.ObjectType@542c65d9
2022-02-10 09:27:46.799 DEBUG PRFT-16796 --- [    Test worker] o.h.t.BasicTypeRegistry                  : Adding type registration java.lang.Object -> org.hibernate.type.ObjectType@542c65d9
2022-02-10 09:27:46.800 DEBUG PRFT-16796 --- [    Test worker] o.h.t.BasicTypeRegistry                  : Adding type registration imm_date -> org.hibernate.type.AdaptedImmutableType@7ed7ae
2022-02-10 09:27:46.800 DEBUG PRFT-16796 --- [    Test worker] o.h.t.BasicTypeRegistry                  : Adding type registration imm_time -> org.hibernate.type.AdaptedImmutableType@53ba1175
2022-02-10 09:27:46.800 DEBUG PRFT-16796 --- [    Test worker] o.h.t.BasicTypeRegistry                  : Adding type registration imm_timestamp -> org.hibernate.type.AdaptedImmutableType@cd5ff55
2022-02-10 09:27:46.800 DEBUG PRFT-16796 --- [    Test worker] o.h.t.BasicTypeRegistry                  : Adding type registration imm_dbtimestamp -> org.hibernate.type.AdaptedImmutableType@6003220a
2022-02-10 09:27:46.800 DEBUG PRFT-16796 --- [    Test worker] o.h.t.BasicTypeRegistry                  : Adding type registration imm_calendar -> org.hibernate.type.AdaptedImmutableType@16b64a03
2022-02-10 09:27:46.800 DEBUG PRFT-16796 --- [    Test worker] o.h.t.BasicTypeRegistry                  : Adding type registration imm_calendar_date -> org.hibernate.type.AdaptedImmutableType@1584c019
2022-02-10 09:27:46.800 DEBUG PRFT-16796 --- [    Test worker] o.h.t.BasicTypeRegistry                  : Adding type registration imm_binary -> org.hibernate.type.AdaptedImmutableType@3688baab
2022-02-10 09:27:46.800 DEBUG PRFT-16796 --- [    Test worker] o.h.t.BasicTypeRegistry                  : Adding type registration imm_serializable -> org.hibernate.type.AdaptedImmutableType@4fe2dd02
2022-02-10 09:27:46.834  INFO PRFT-16796 --- [    Test worker] c.z.h.HikariDataSource                   : HikariPool-1 - Starting...
2022-02-10 09:27:46.841  WARN PRFT-16796 --- [    Test worker] c.z.h.u.DriverDataSource                 : Registered driver with driverClassName=com.mysql.jdbc.Driver was not found, trying direct instantiation.
2022-02-10 09:27:47.076  INFO PRFT-16796 --- [    Test worker] c.z.h.HikariDataSource                   : HikariPool-1 - Start completed.
2022-02-10 09:27:47.087  INFO PRFT-16796 --- [    Test worker] o.h.d.Dialect                            : HHH000400: Using dialect: org.hibernate.dialect.MySQL8Dialect
2022-02-10 09:27:47.109 DEBUG PRFT-16796 --- [    Test worker] o.h.t.s.TypeConfiguration$Scope          : Scoping TypeConfiguration [org.hibernate.type.spi.TypeConfiguration@6124dda2] to MetadataBuildingContext [org.hibernate.boot.internal.MetadataBuildingContextRootImpl@380e33c2]
2022-02-10 09:27:47.282 DEBUG PRFT-16796 --- [    Test worker] o.h.t.s.TypeConfiguration$Scope          : Scoping TypeConfiguration [org.hibernate.type.spi.TypeConfiguration@6124dda2] to SessionFactoryImpl [org.hibernate.internal.SessionFactoryImpl@a1b7549]
2022-02-10 09:27:47.510 DEBUG PRFT-16796 --- [    Test worker] o.h.SQL                                  : alter table income_component drop foreign key FKrue38to385ppvt7xl3xh55jwa
Hibernate: alter table income_component drop foreign key FKrue38to385ppvt7xl3xh55jwa
2022-02-10 09:27:47.556 DEBUG PRFT-16796 --- [    Test worker] o.h.SQL                                  : drop table if exists hibernate_sequence
Hibernate: drop table if exists hibernate_sequence
2022-02-10 09:27:47.577 DEBUG PRFT-16796 --- [    Test worker] o.h.SQL                                  : drop table if exists income_component
Hibernate: drop table if exists income_component
2022-02-10 09:27:47.595 DEBUG PRFT-16796 --- [    Test worker] o.h.SQL                                  : drop table if exists person
Hibernate: drop table if exists person
2022-02-10 09:27:47.614 DEBUG PRFT-16796 --- [    Test worker] o.h.SQL                                  : create table hibernate_sequence (next_val bigint) engine=InnoDB
Hibernate: create table hibernate_sequence (next_val bigint) engine=InnoDB
2022-02-10 09:27:47.638 DEBUG PRFT-16796 --- [    Test worker] o.h.SQL                                  : insert into hibernate_sequence values ( 1 )
Hibernate: insert into hibernate_sequence values ( 1 )
2022-02-10 09:27:47.644 DEBUG PRFT-16796 --- [    Test worker] o.h.SQL                                  : create table income_component (iid bigint not null, amount integer not null, is_expense bit not null, pid bigint not null, title varchar(255), person_id integer, primary key (iid)) engine=InnoDB
Hibernate: create table income_component (iid bigint not null, amount integer not null, is_expense bit not null, pid bigint not null, title varchar(255), person_id integer, primary key (iid)) engine=InnoDB
2022-02-10 09:27:47.669 DEBUG PRFT-16796 --- [    Test worker] o.h.SQL                                  : create table person (pid integer not null, firstname varchar(255), lastname varchar(255), primary key (pid)) engine=InnoDB
Hibernate: create table person (pid integer not null, firstname varchar(255), lastname varchar(255), primary key (pid)) engine=InnoDB
2022-02-10 09:27:47.693 DEBUG PRFT-16796 --- [    Test worker] o.h.SQL                                  : alter table income_component add constraint FKrue38to385ppvt7xl3xh55jwa foreign key (person_id) references person (pid)
Hibernate: alter table income_component add constraint FKrue38to385ppvt7xl3xh55jwa foreign key (person_id) references person (pid)
2022-02-10 09:27:47.756  INFO PRFT-16796 --- [    Test worker] o.h.e.t.j.p.i.JtaPlatformInitiator       : HHH000490: Using JtaPlatform implementation: [org.hibernate.engine.transaction.jta.platform.internal.NoJtaPlatform]
2022-02-10 09:27:47.761 TRACE PRFT-16796 --- [    Test worker] o.h.t.s.TypeConfiguration$Scope          : Handling #sessionFactoryCreated from [org.hibernate.internal.SessionFactoryImpl@a1b7549] for TypeConfiguration
2022-02-10 09:27:47.762  INFO PRFT-16796 --- [    Test worker] j.LocalContainerEntityManagerFactoryBean : Initialized JPA EntityManagerFactory for persistence unit 'default'
2022-02-10 09:27:48.021 DEBUG PRFT-16796 --- [    Test worker] o.h.SQL                                  : select next_val as id_val from hibernate_sequence for update
Hibernate: select next_val as id_val from hibernate_sequence for update
2022-02-10 09:27:48.050 DEBUG PRFT-16796 --- [    Test worker] o.h.SQL                                  : update hibernate_sequence set next_val= ? where next_val=?
Hibernate: update hibernate_sequence set next_val= ? where next_val=?
2022-02-10 09:27:48.084 DEBUG PRFT-16796 --- [    Test worker] o.h.SQL                                  : insert into person (firstname, lastname, pid) values (?, ?, ?)
Hibernate: insert into person (firstname, lastname, pid) values (?, ?, ?)
2022-02-10 09:27:48.086 TRACE PRFT-16796 --- [    Test worker] o.h.t.d.s.BasicBinder                    : binding parameter [1] as [VARCHAR] - [Joe]
2022-02-10 09:27:48.086 TRACE PRFT-16796 --- [    Test worker] o.h.t.d.s.BasicBinder                    : binding parameter [2] as [VARCHAR] - [Mamma]
2022-02-10 09:27:48.086 TRACE PRFT-16796 --- [    Test worker] o.h.t.d.s.BasicBinder                    : binding parameter [3] as [INTEGER] - [1]
2022-02-10 09:27:48.096 DEBUG PRFT-16796 --- [    Test worker] o.h.SQL                                  : select next_val as id_val from hibernate_sequence for update
Hibernate: select next_val as id_val from hibernate_sequence for update
2022-02-10 09:27:48.097 DEBUG PRFT-16796 --- [    Test worker] o.h.SQL                                  : update hibernate_sequence set next_val= ? where next_val=?
Hibernate: update hibernate_sequence set next_val= ? where next_val=?
2022-02-10 09:27:48.102 DEBUG PRFT-16796 --- [    Test worker] o.h.SQL                                  : insert into person (firstname, lastname, pid) values (?, ?, ?)
Hibernate: insert into person (firstname, lastname, pid) values (?, ?, ?)
2022-02-10 09:27:48.102 TRACE PRFT-16796 --- [    Test worker] o.h.t.d.s.BasicBinder                    : binding parameter [1] as [VARCHAR] - [Ryan]
2022-02-10 09:27:48.102 TRACE PRFT-16796 --- [    Test worker] o.h.t.d.s.BasicBinder                    : binding parameter [2] as [VARCHAR] - [Reynolds]
2022-02-10 09:27:48.102 TRACE PRFT-16796 --- [    Test worker] o.h.t.d.s.BasicBinder                    : binding parameter [3] as [INTEGER] - [2]
2022-02-10 09:27:48.109 DEBUG PRFT-16796 --- [    Test worker] o.h.SQL                                  : select next_val as id_val from hibernate_sequence for update
Hibernate: select next_val as id_val from hibernate_sequence for update
2022-02-10 09:27:48.110 DEBUG PRFT-16796 --- [    Test worker] o.h.SQL                                  : update hibernate_sequence set next_val= ? where next_val=?
Hibernate: update hibernate_sequence set next_val= ? where next_val=?
2022-02-10 09:27:48.114 DEBUG PRFT-16796 --- [    Test worker] o.h.SQL                                  : insert into person (firstname, lastname, pid) values (?, ?, ?)
Hibernate: insert into person (firstname, lastname, pid) values (?, ?, ?)
2022-02-10 09:27:48.114 TRACE PRFT-16796 --- [    Test worker] o.h.t.d.s.BasicBinder                    : binding parameter [1] as [VARCHAR] - [Emma]
2022-02-10 09:27:48.114 TRACE PRFT-16796 --- [    Test worker] o.h.t.d.s.BasicBinder                    : binding parameter [2] as [VARCHAR] - [Stone]
2022-02-10 09:27:48.115 TRACE PRFT-16796 --- [    Test worker] o.h.t.d.s.BasicBinder                    : binding parameter [3] as [INTEGER] - [3]
2022-02-10 09:27:48.120 DEBUG PRFT-16796 --- [    Test worker] o.h.SQL                                  : select next_val as id_val from hibernate_sequence for update
Hibernate: select next_val as id_val from hibernate_sequence for update
2022-02-10 09:27:48.121 DEBUG PRFT-16796 --- [    Test worker] o.h.SQL                                  : update hibernate_sequence set next_val= ? where next_val=?
Hibernate: update hibernate_sequence set next_val= ? where next_val=?
2022-02-10 09:27:48.126 DEBUG PRFT-16796 --- [    Test worker] o.h.SQL                                  : insert into person (firstname, lastname, pid) values (?, ?, ?)
Hibernate: insert into person (firstname, lastname, pid) values (?, ?, ?)
2022-02-10 09:27:48.126 TRACE PRFT-16796 --- [    Test worker] o.h.t.d.s.BasicBinder                    : binding parameter [1] as [VARCHAR] - [Dwayne]
2022-02-10 09:27:48.126 TRACE PRFT-16796 --- [    Test worker] o.h.t.d.s.BasicBinder                    : binding parameter [2] as [VARCHAR] - [Johnson]
2022-02-10 09:27:48.127 TRACE PRFT-16796 --- [    Test worker] o.h.t.d.s.BasicBinder                    : binding parameter [3] as [INTEGER] - [4]
2022-02-10 09:27:48.131 DEBUG PRFT-16796 --- [    Test worker] o.h.SQL                                  : select next_val as id_val from hibernate_sequence for update
Hibernate: select next_val as id_val from hibernate_sequence for update
2022-02-10 09:27:48.132 DEBUG PRFT-16796 --- [    Test worker] o.h.SQL                                  : update hibernate_sequence set next_val= ? where next_val=?
Hibernate: update hibernate_sequence set next_val= ? where next_val=?
2022-02-10 09:27:48.137 DEBUG PRFT-16796 --- [    Test worker] o.h.SQL                                  : insert into person (firstname, lastname, pid) values (?, ?, ?)
Hibernate: insert into person (firstname, lastname, pid) values (?, ?, ?)
2022-02-10 09:27:48.137 TRACE PRFT-16796 --- [    Test worker] o.h.t.d.s.BasicBinder                    : binding parameter [1] as [VARCHAR] - [Bryce]
2022-02-10 09:27:48.137 TRACE PRFT-16796 --- [    Test worker] o.h.t.d.s.BasicBinder                    : binding parameter [2] as [VARCHAR] - [Vine]
2022-02-10 09:27:48.138 TRACE PRFT-16796 --- [    Test worker] o.h.t.d.s.BasicBinder                    : binding parameter [3] as [INTEGER] - [5]
2022-02-10 09:27:48.143 DEBUG PRFT-16796 --- [    Test worker] o.h.SQL                                  : select next_val as id_val from hibernate_sequence for update
Hibernate: select next_val as id_val from hibernate_sequence for update
2022-02-10 09:27:48.144 DEBUG PRFT-16796 --- [    Test worker] o.h.SQL                                  : update hibernate_sequence set next_val= ? where next_val=?
Hibernate: update hibernate_sequence set next_val= ? where next_val=?
2022-02-10 09:27:48.149 DEBUG PRFT-16796 --- [    Test worker] o.h.SQL                                  : insert into person (firstname, lastname, pid) values (?, ?, ?)
Hibernate: insert into person (firstname, lastname, pid) values (?, ?, ?)
2022-02-10 09:27:48.149 TRACE PRFT-16796 --- [    Test worker] o.h.t.d.s.BasicBinder                    : binding parameter [1] as [VARCHAR] - [Bob]
2022-02-10 09:27:48.149 TRACE PRFT-16796 --- [    Test worker] o.h.t.d.s.BasicBinder                    : binding parameter [2] as [VARCHAR] - [Ross]
2022-02-10 09:27:48.149 TRACE PRFT-16796 --- [    Test worker] o.h.t.d.s.BasicBinder                    : binding parameter [3] as [INTEGER] - [6]
2022-02-10 09:27:48.285  WARN PRFT-16796 --- [    Test worker] JpaBaseConfiguration$JpaWebConfiguration : spring.jpa.open-in-view is enabled by default. Therefore, database queries may be performed during view rendering. Explicitly configure spring.jpa.open-in-view to disable this warning
2022-02-10 09:27:48.523  INFO PRFT-16796 --- [    Test worker] o.s.b.a.w.s.WelcomePageHandlerMapping    : Adding welcome page: class path resource [static/index.html]
2022-02-10 09:27:48.722  INFO PRFT-16796 --- [    Test worker] TechbootcampJackMcEligotApplicationTests : Started TechbootcampJackMcEligotApplicationTests in 3.065 seconds (JVM running for 4.128)
]]></system-out>
  <system-err><![CDATA[Loading class `com.mysql.jdbc.Driver'. This is deprecated. The new driver class is `com.mysql.cj.jdbc.Driver'. The driver is automatically registered via the SPI and manual loading of the driver class is generally unnecessary.
]]></system-err>
</testsuite>
